##DEBUG_PRINT_AST[?]
trait Hash[#76] {
    fn hash[#75] (val self[#73], val Hasher[#74]) {}
}
trait Hasher[#83] {
    fn hash[#79] (val self[#77], val Hash[#78]) {}
    fn hash[#82] (val self[#80], val Primitive[#81]) {}
}
struct Simple[#96] {
    state[85] = 0
    fn hash[#95] (val self[#87], val value[#88]) {
        self[87].state[?] = infix+[21^G](self[87].state[?], value[88])
    }
}
struct Point[#99] {
    val x[#97]
    val y[#98]
}
[Extend]
point[115^G] = Point[99^G]{10, 20}
Simple[96^G]{}.hash[?](point[115^G])